<?xml version="1.0" encoding="UTF-8"?>
<!-- Generated by org.testng.reporters.JUnitReportReporter -->
<testsuite hostname="HbpSoft" failures="0" tests="1" name="com.test.PP_Machines_storage.New_Image_Out" time="6.768" errors="0" timestamp="2024-06-12T15:51:12 IST" skipped="0">
  <testcase classname="com.test.PP_Machines_storage.New_Image_Out" name="testStorageDetails" time="6.768"/>
  <system-out/>
</testsuite> <!-- com.test.PP_Machines_storage.New_Image_Out -->
