<?xml version="1.0" encoding="UTF-8"?>
<!-- Generated by org.testng.reporters.JUnitReportReporter -->
<testsuite hostname="HbpSoft" failures="0" tests="1" name="com.test.PP_Machines_storage.Image_out" time="7.676" errors="0" timestamp="2024-06-12T11:42:30 IST" skipped="0">
  <testcase classname="com.test.PP_Machines_storage.Image_out" name="testStorageDetails" time="7.676"/>
  <system-out/>
</testsuite> <!-- com.test.PP_Machines_storage.Image_out -->
