<?xml version="1.0" encoding="UTF-8"?>
<!-- Generated by org.testng.reporters.JUnitReportReporter -->
<testsuite hostname="HbpSoft" failures="0" tests="1" name="com.test.PP_Machines_storage.PP2v15_Machine" time="5.355" errors="0" timestamp="2024-06-06T14:56:36 IST" skipped="0">
  <testcase classname="com.test.PP_Machines_storage.PP2v15_Machine" name="testStorageDetails" time="5.355"/>
  <system-out/>
</testsuite> <!-- com.test.PP_Machines_storage.PP2v15_Machine -->
