<?xml version="1.0" encoding="UTF-8"?>
<!-- Generated by org.testng.reporters.JUnitReportReporter -->
<testsuite hostname="HbpSoft" failures="0" tests="1" name="com.test.PP_Machines_storage.pp5_storage" time="5.015" errors="0" timestamp="2024-06-07T16:21:50 IST" skipped="0">
  <testcase classname="com.test.PP_Machines_storage.pp5_storage" name="testStorageDetails" time="5.015"/>
  <system-out/>
</testsuite> <!-- com.test.PP_Machines_storage.pp5_storage -->
