<?xml version="1.0" encoding="UTF-8"?>
<!-- Generated by org.testng.reporters.JUnitReportReporter -->
<testsuite hostname="HbpSoft" failures="0" tests="1" name="com.test.PP_Machines_storage.PP2v5_Machine" time="2.736" errors="0" timestamp="2024-06-06T14:55:38 IST" skipped="0">
  <testcase classname="com.test.PP_Machines_storage.PP2v5_Machine" name="testStorageDetails" time="2.736"/>
  <system-out/>
</testsuite> <!-- com.test.PP_Machines_storage.PP2v5_Machine -->
